home-manager switch -b backup --flake ./#alowry@x86_64-darwin --show-trace
warning: Git tree '/Users/alowry/repos/personal/ajlow2000_nixos' is dirty
error:
       … while calling the 'derivationStrict' builtin
         at «nix-internal»/derivation-internal.nix:37:12:
           36|
           37|   strict = derivationStrict drvAttrs;
             |            ^
           38|

       … while evaluating derivation 'home-manager-generation'
         whose name attribute is located at «github:nixos/nixpkgs/cad22e7d996aea55ecab064e84834289143e44a0?narHash=sha256-5vKw92l1GyTnjoLzEagJy5V5mDFck72LiQWZSOnSicw%3D»/pkgs/stdenv/generic/make-derivation.nix:541:13

       … while evaluating attribute 'buildCommand' of derivation 'home-manager-generation'
         at «github:nixos/nixpkgs/cad22e7d996aea55ecab064e84834289143e44a0?narHash=sha256-5vKw92l1GyTnjoLzEagJy5V5mDFck72LiQWZSOnSicw%3D»/pkgs/build-support/trivial-builders/default.nix:80:17:
           79|         enableParallelBuilding = true;
           80|         inherit buildCommand name;
             |                 ^
           81|         passAsFile = [ "buildCommand" ] ++ (derivationArgs.passAsFile or [ ]);

       … while calling the 'getAttr' builtin
         at «nix-internal»/derivation-internal.nix:50:17:
           49|     value = commonAttrs // {
           50|       outPath = builtins.getAttr outputName strict;
             |                 ^
           51|       drvPath = strict.drvPath;

       … while calling the 'derivationStrict' builtin
         at «nix-internal»/derivation-internal.nix:37:12:
           36|
           37|   strict = derivationStrict drvAttrs;
             |            ^
           38|

       … while evaluating derivation 'activation-script'
         whose name attribute is located at «github:nixos/nixpkgs/cad22e7d996aea55ecab064e84834289143e44a0?narHash=sha256-5vKw92l1GyTnjoLzEagJy5V5mDFck72LiQWZSOnSicw%3D»/pkgs/stdenv/generic/make-derivation.nix:541:13

       … while evaluating attribute 'text' of derivation 'activation-script'
         at «github:nixos/nixpkgs/cad22e7d996aea55ecab064e84834289143e44a0?narHash=sha256-5vKw92l1GyTnjoLzEagJy5V5mDFck72LiQWZSOnSicw%3D»/pkgs/build-support/trivial-builders/default.nix:129:13:
          128|           inherit
          129|             text
             |             ^
          130|             executable

       … while calling the 'concatStringsSep' builtin
         at «github:nix-community/home-manager/d4e4d5cfa30455f50d034f24aa9bc0ab05388fcd?narHash=sha256-5k07cAPVcMWx2P0zSfBQ9KqpMA6La1rz4dy/pl9GzDw%3D»/modules/home-environment.nix:774:13:
          773|           if sortedCommands ? result then
          774|             lib.concatStringsSep "\n" (map mkCmd sortedCommands.result)
             |             ^
          775|           else

       … while calling 'mkCmd'
         at «github:nix-community/home-manager/d4e4d5cfa30455f50d034f24aa9bc0ab05388fcd?narHash=sha256-5k07cAPVcMWx2P0zSfBQ9KqpMA6La1rz4dy/pl9GzDw%3D»/modules/home-environment.nix:767:17:
          766|       let
          767|         mkCmd = res: ''
             |                 ^
          768|           _iNote "Activating %s" "${res.name}"

       … while evaluating the attribute 'data'
         at «github:nix-community/home-manager/d4e4d5cfa30455f50d034f24aa9bc0ab05388fcd?narHash=sha256-5k07cAPVcMWx2P0zSfBQ9KqpMA6La1rz4dy/pl9GzDw%3D»/modules/lib/dag.nix:100:45:
           99|       {
          100|         result = map (v: { inherit (v) name data; }) sorted.result;
             |                                             ^
          101|       }

       … while evaluating the attribute 'data'
         at «github:nix-community/home-manager/d4e4d5cfa30455f50d034f24aa9bc0ab05388fcd?narHash=sha256-5k07cAPVcMWx2P0zSfBQ9KqpMA6La1rz4dy/pl9GzDw%3D»/modules/lib/dag.nix:92:9:
           91|         name = n;
           92|         data = v.data;
             |         ^
           93|         after = v.after ++ dagBefore dag n;

       … from call site
         at «github:nix-community/home-manager/d4e4d5cfa30455f50d034f24aa9bc0ab05388fcd?narHash=sha256-5k07cAPVcMWx2P0zSfBQ9KqpMA6La1rz4dy/pl9GzDw%3D»/modules/lib/dag.nix:92:16:
           91|         name = n;
           92|         data = v.data;
             |                ^
           93|         after = v.after ++ dagBefore dag n;

       … while calling anonymous lambda
         at «github:nixos/nixpkgs/cad22e7d996aea55ecab064e84834289143e44a0?narHash=sha256-5vKw92l1GyTnjoLzEagJy5V5mDFck72LiQWZSOnSicw%3D»/lib/attrsets.nix:1188:17:
         1187|         mapAttrs (
         1188|           name: value:
             |                 ^
         1189|           if isAttrs value && cond value then recurse (path ++ [ name ]) value else f (path ++ [ name ]) value

       … from call site
         at «github:nixos/nixpkgs/cad22e7d996aea55ecab064e84834289143e44a0?narHash=sha256-5vKw92l1GyTnjoLzEagJy5V5mDFck72LiQWZSOnSicw%3D»/lib/attrsets.nix:1189:85:
         1188|           name: value:
         1189|           if isAttrs value && cond value then recurse (path ++ [ name ]) value else f (path ++ [ name ]) value
             |                                                                                     ^
         1190|         );

       … while calling anonymous lambda
         at «github:nixos/nixpkgs/cad22e7d996aea55ecab064e84834289143e44a0?narHash=sha256-5vKw92l1GyTnjoLzEagJy5V5mDFck72LiQWZSOnSicw%3D»/lib/modules.nix:275:71:
          274|           # For definitions that have an associated option
          275|           declaredConfig = mapAttrsRecursiveCond (v: !isOption v) (_: v: v.value) options;
             |                                                                       ^
          276|

       … while evaluating the attribute 'value'
         at «github:nixos/nixpkgs/cad22e7d996aea55ecab064e84834289143e44a0?narHash=sha256-5vKw92l1GyTnjoLzEagJy5V5mDFck72LiQWZSOnSicw%3D»/lib/modules.nix:1118:7:
         1117|     // {
         1118|       value = addErrorContext "while evaluating the option `${showOption loc}':" value;
             |       ^
         1119|       inherit (res.defsFinal') highestPrio;

       … while evaluating the option `home.activation.checkFilesChanged.data':

       … while evaluating the attribute 'mergedValue'
         at «github:nixos/nixpkgs/cad22e7d996aea55ecab064e84834289143e44a0?narHash=sha256-5vKw92l1GyTnjoLzEagJy5V5mDFck72LiQWZSOnSicw%3D»/lib/modules.nix:1192:5:
         1191|     # Type-check the remaining definitions, and merge them. Or throw if no definitions.
         1192|     mergedValue =
             |     ^
         1193|       if isDefined then

       … while evaluating a branch condition
         at «github:nixos/nixpkgs/cad22e7d996aea55ecab064e84834289143e44a0?narHash=sha256-5vKw92l1GyTnjoLzEagJy5V5mDFck72LiQWZSOnSicw%3D»/lib/modules.nix:1193:7:
         1192|     mergedValue =
         1193|       if isDefined then
             |       ^
         1194|         if type.merge ? v2 then

       … while evaluating the attribute 'values'
         at «github:nixos/nixpkgs/cad22e7d996aea55ecab064e84834289143e44a0?narHash=sha256-5vKw92l1GyTnjoLzEagJy5V5mDFck72LiQWZSOnSicw%3D»/lib/modules.nix:1186:9:
         1185|       {
         1186|         values = defsSorted;
             |         ^
         1187|         inherit (defsFiltered) highestPrio;

       … while evaluating a branch condition
         at «github:nixos/nixpkgs/cad22e7d996aea55ecab064e84834289143e44a0?narHash=sha256-5vKw92l1GyTnjoLzEagJy5V5mDFck72LiQWZSOnSicw%3D»/lib/modules.nix:1180:11:
         1179|           # Avoid sorting if we don't have to.
         1180|           if any (def: def.value._type or "" == "order") defsFiltered.values then
             |           ^
         1181|             sortProperties defsFiltered.values

       … while calling the 'any' builtin
         at «github:nixos/nixpkgs/cad22e7d996aea55ecab064e84834289143e44a0?narHash=sha256-5vKw92l1GyTnjoLzEagJy5V5mDFck72LiQWZSOnSicw%3D»/lib/modules.nix:1180:14:
         1179|           # Avoid sorting if we don't have to.
         1180|           if any (def: def.value._type or "" == "order") defsFiltered.values then
             |              ^
         1181|             sortProperties defsFiltered.values

       … while evaluating the attribute 'values'
         at «github:nixos/nixpkgs/cad22e7d996aea55ecab064e84834289143e44a0?narHash=sha256-5vKw92l1GyTnjoLzEagJy5V5mDFck72LiQWZSOnSicw%3D»/lib/modules.nix:1360:7:
         1359|     {
         1360|       values = concatMap (def: if getPrio def == highestPrio then [ (strip def) ] else [ ]) defs;
             |       ^
         1361|       inherit highestPrio;

       … while calling the 'concatMap' builtin
         at «github:nixos/nixpkgs/cad22e7d996aea55ecab064e84834289143e44a0?narHash=sha256-5vKw92l1GyTnjoLzEagJy5V5mDFck72LiQWZSOnSicw%3D»/lib/modules.nix:1360:16:
         1359|     {
         1360|       values = concatMap (def: if getPrio def == highestPrio then [ (strip def) ] else [ ]) defs;
             |                ^
         1361|       inherit highestPrio;

       … while calling the 'concatMap' builtin
         at «github:nixos/nixpkgs/cad22e7d996aea55ecab064e84834289143e44a0?narHash=sha256-5vKw92l1GyTnjoLzEagJy5V5mDFck72LiQWZSOnSicw%3D»/lib/modules.nix:1160:26:
         1159|         # Process mkMerge and mkIf properties.
         1160|         defsNormalized = concatMap (
             |                          ^
         1161|           m:

       … while calling anonymous lambda
         at «github:nixos/nixpkgs/cad22e7d996aea55ecab064e84834289143e44a0?narHash=sha256-5vKw92l1GyTnjoLzEagJy5V5mDFck72LiQWZSOnSicw%3D»/lib/modules.nix:1161:11:
         1160|         defsNormalized = concatMap (
         1161|           m:
             |           ^
         1162|           map (

       … while calling the 'map' builtin
         at «github:nixos/nixpkgs/cad22e7d996aea55ecab064e84834289143e44a0?narHash=sha256-5vKw92l1GyTnjoLzEagJy5V5mDFck72LiQWZSOnSicw%3D»/lib/modules.nix:1162:11:
         1161|           m:
         1162|           map (
             |           ^
         1163|             value:

       … while evaluating definitions from `/nix/store/snd8gidisxaqnpmld7750vc8v708zcih-source/modules/files.nix':

       … from call site
         at «github:nixos/nixpkgs/cad22e7d996aea55ecab064e84834289143e44a0?narHash=sha256-5vKw92l1GyTnjoLzEagJy5V5mDFck72LiQWZSOnSicw%3D»/lib/modules.nix:1171:80:
         1170|               }
         1171|           ) (addErrorContext "while evaluating definitions from `${m.file}':" (dischargeProperties m.value))
             |                                                                                ^
         1172|         ) defs;

       … while calling 'dischargeProperties'
         at «github:nixos/nixpkgs/cad22e7d996aea55ecab064e84834289143e44a0?narHash=sha256-5vKw92l1GyTnjoLzEagJy5V5mDFck72LiQWZSOnSicw%3D»/lib/modules.nix:1311:5:
         1310|   dischargeProperties =
         1311|     def:
             |     ^
         1312|     if def._type or "" == "merge" then

       … while evaluating a branch condition
         at «github:nixos/nixpkgs/cad22e7d996aea55ecab064e84834289143e44a0?narHash=sha256-5vKw92l1GyTnjoLzEagJy5V5mDFck72LiQWZSOnSicw%3D»/lib/modules.nix:1312:5:
         1311|     def:
         1312|     if def._type or "" == "merge" then
             |     ^
         1313|       concatMap dischargeProperties def.contents

       … while evaluating the attribute 'value'
         at «github:nixos/nixpkgs/cad22e7d996aea55ecab064e84834289143e44a0?narHash=sha256-5vKw92l1GyTnjoLzEagJy5V5mDFck72LiQWZSOnSicw%3D»/lib/modules.nix:805:21:
          804|             inherit (module) file;
          805|             inherit value;
             |                     ^
          806|           }) module.config

       … from call site
         at «github:nix-community/home-manager/d4e4d5cfa30455f50d034f24aa9bc0ab05388fcd?narHash=sha256-5k07cAPVcMWx2P0zSfBQ9KqpMA6La1rz4dy/pl9GzDw%3D»/modules/files.nix:259:9:
          258|       ''
          259|       + lib.concatMapStrings (
             |         ^
          260|         v:

       … while calling 'concatMapStrings'
         at «github:nixos/nixpkgs/cad22e7d996aea55ecab064e84834289143e44a0?narHash=sha256-5vKw92l1GyTnjoLzEagJy5V5mDFck72LiQWZSOnSicw%3D»/lib/strings.nix:124:25:
          123|   */
          124|   concatMapStrings = f: list: concatStrings (map f list);
             |                         ^
          125|

       … while calling the 'concatStringsSep' builtin
         at «github:nixos/nixpkgs/cad22e7d996aea55ecab064e84834289143e44a0?narHash=sha256-5vKw92l1GyTnjoLzEagJy5V5mDFck72LiQWZSOnSicw%3D»/lib/strings.nix:124:31:
          123|   */
          124|   concatMapStrings = f: list: concatStrings (map f list);
             |                               ^
          125|

       … while calling the 'map' builtin
         at «github:nixos/nixpkgs/cad22e7d996aea55ecab064e84834289143e44a0?narHash=sha256-5vKw92l1GyTnjoLzEagJy5V5mDFck72LiQWZSOnSicw%3D»/lib/strings.nix:124:46:
          123|   */
          124|   concatMapStrings = f: list: concatStrings (map f list);
             |                                              ^
          125|

       … while calling the 'filter' builtin
         at «github:nix-community/home-manager/d4e4d5cfa30455f50d034f24aa9bc0ab05388fcd?narHash=sha256-5k07cAPVcMWx2P0zSfBQ9KqpMA6La1rz4dy/pl9GzDw%3D»/modules/files.nix:270:10:
          269|         ''
          270|       ) (lib.filter (v: v.onChange != "") (lib.attrValues cfg))
             |          ^
          271|       + ''

       … while calling anonymous lambda
         at «github:nix-community/home-manager/d4e4d5cfa30455f50d034f24aa9bc0ab05388fcd?narHash=sha256-5k07cAPVcMWx2P0zSfBQ9KqpMA6La1rz4dy/pl9GzDw%3D»/modules/files.nix:270:22:
          269|         ''
          270|       ) (lib.filter (v: v.onChange != "") (lib.attrValues cfg))
             |                      ^
          271|       + ''

       … from call site
         at «github:nix-community/home-manager/d4e4d5cfa30455f50d034f24aa9bc0ab05388fcd?narHash=sha256-5k07cAPVcMWx2P0zSfBQ9KqpMA6La1rz4dy/pl9GzDw%3D»/modules/files.nix:270:25:
          269|         ''
          270|       ) (lib.filter (v: v.onChange != "") (lib.attrValues cfg))
             |                         ^
          271|       + ''

       … while calling anonymous lambda
         at «github:nixos/nixpkgs/cad22e7d996aea55ecab064e84834289143e44a0?narHash=sha256-5vKw92l1GyTnjoLzEagJy5V5mDFck72LiQWZSOnSicw%3D»/lib/attrsets.nix:1188:17:
         1187|         mapAttrs (
         1188|           name: value:
             |                 ^
         1189|           if isAttrs value && cond value then recurse (path ++ [ name ]) value else f (path ++ [ name ]) value

       … from call site
         at «github:nixos/nixpkgs/cad22e7d996aea55ecab064e84834289143e44a0?narHash=sha256-5vKw92l1GyTnjoLzEagJy5V5mDFck72LiQWZSOnSicw%3D»/lib/attrsets.nix:1189:85:
         1188|           name: value:
         1189|           if isAttrs value && cond value then recurse (path ++ [ name ]) value else f (path ++ [ name ]) value
             |                                                                                     ^
         1190|         );

       … while calling anonymous lambda
         at «github:nixos/nixpkgs/cad22e7d996aea55ecab064e84834289143e44a0?narHash=sha256-5vKw92l1GyTnjoLzEagJy5V5mDFck72LiQWZSOnSicw%3D»/lib/modules.nix:275:71:
          274|           # For definitions that have an associated option
          275|           declaredConfig = mapAttrsRecursiveCond (v: !isOption v) (_: v: v.value) options;
             |                                                                       ^
          276|

       … while evaluating the attribute 'value'
         at «github:nixos/nixpkgs/cad22e7d996aea55ecab064e84834289143e44a0?narHash=sha256-5vKw92l1GyTnjoLzEagJy5V5mDFck72LiQWZSOnSicw%3D»/lib/modules.nix:1118:7:
         1117|     // {
         1118|       value = addErrorContext "while evaluating the option `${showOption loc}':" value;
             |       ^
         1119|       inherit (res.defsFinal') highestPrio;

       … while evaluating the option `home.file."Library/Fonts/.home-manager-fonts-version".onChange':

       (10 duplicate frames omitted)

       … while evaluating definitions from `/nix/store/snd8gidisxaqnpmld7750vc8v708zcih-source/modules/targets/darwin/fonts.nix':

       … from call site
         at «github:nixos/nixpkgs/cad22e7d996aea55ecab064e84834289143e44a0?narHash=sha256-5vKw92l1GyTnjoLzEagJy5V5mDFck72LiQWZSOnSicw%3D»/lib/modules.nix:1171:80:
         1170|               }
         1171|           ) (addErrorContext "while evaluating definitions from `${m.file}':" (dischargeProperties m.value))
             |                                                                                ^
         1172|         ) defs;

       … while calling 'dischargeProperties'
         at «github:nixos/nixpkgs/cad22e7d996aea55ecab064e84834289143e44a0?narHash=sha256-5vKw92l1GyTnjoLzEagJy5V5mDFck72LiQWZSOnSicw%3D»/lib/modules.nix:1311:5:
         1310|   dischargeProperties =
         1311|     def:
             |     ^
         1312|     if def._type or "" == "merge" then

       … while evaluating a branch condition
         at «github:nixos/nixpkgs/cad22e7d996aea55ecab064e84834289143e44a0?narHash=sha256-5vKw92l1GyTnjoLzEagJy5V5mDFck72LiQWZSOnSicw%3D»/lib/modules.nix:1312:5:
         1311|     def:
         1312|     if def._type or "" == "merge" then
             |     ^
         1313|       concatMap dischargeProperties def.contents

       … while evaluating the attribute 'value'
         at «github:nixos/nixpkgs/cad22e7d996aea55ecab064e84834289143e44a0?narHash=sha256-5vKw92l1GyTnjoLzEagJy5V5mDFck72LiQWZSOnSicw%3D»/lib/modules.nix:805:21:
          804|             inherit (module) file;
          805|             inherit value;
             |                     ^
          806|           }) module.config

       … from call site
         at «github:nix-community/home-manager/d4e4d5cfa30455f50d034f24aa9bc0ab05388fcd?narHash=sha256-5k07cAPVcMWx2P0zSfBQ9KqpMA6La1rz4dy/pl9GzDw%3D»/modules/targets/darwin/fonts.nix:26:13:
           25|         run ${pkgs.rsync}/bin/rsync $VERBOSE_ARG -acL --chmod=u+w --delete \
           26|           ${lib.escapeShellArgs [
             |             ^
           27|             "${fonts}/"

       … while calling 'concatMapStringsSep'
         at «github:nixos/nixpkgs/cad22e7d996aea55ecab064e84834289143e44a0?narHash=sha256-5vKw92l1GyTnjoLzEagJy5V5mDFck72LiQWZSOnSicw%3D»/lib/strings.nix:261:13:
          260|   concatMapStringsSep =
          261|     sep: f: list:
             |             ^
          262|     concatStringsSep sep (map f list);

       … while calling the 'concatStringsSep' builtin
         at «github:nixos/nixpkgs/cad22e7d996aea55ecab064e84834289143e44a0?narHash=sha256-5vKw92l1GyTnjoLzEagJy5V5mDFck72LiQWZSOnSicw%3D»/lib/strings.nix:262:5:
          261|     sep: f: list:
          262|     concatStringsSep sep (map f list);
             |     ^
          263|

       … while calling 'escapeShellArg'
         at «github:nixos/nixpkgs/cad22e7d996aea55ecab064e84834289143e44a0?narHash=sha256-5vKw92l1GyTnjoLzEagJy5V5mDFck72LiQWZSOnSicw%3D»/lib/strings.nix:1201:5:
         1200|   escapeShellArg =
         1201|     arg:
             |     ^
         1202|     let

       … while evaluating a branch condition
         at «github:nixos/nixpkgs/cad22e7d996aea55ecab064e84834289143e44a0?narHash=sha256-5vKw92l1GyTnjoLzEagJy5V5mDFck72LiQWZSOnSicw%3D»/lib/strings.nix:1205:5:
         1204|     in
         1205|     if match "[[:alnum:],._+:@%/-]+" string == null then
             |     ^
         1206|       "'${replaceString "'" "'\\''" string}'"

       … while calling the 'match' builtin
         at «github:nixos/nixpkgs/cad22e7d996aea55ecab064e84834289143e44a0?narHash=sha256-5vKw92l1GyTnjoLzEagJy5V5mDFck72LiQWZSOnSicw%3D»/lib/strings.nix:1205:8:
         1204|     in
         1205|     if match "[[:alnum:],._+:@%/-]+" string == null then
             |        ^
         1206|       "'${replaceString "'" "'\\''" string}'"

       … while evaluating the second argument passed to builtins.match

       … while calling the 'toString' builtin
         at «github:nixos/nixpkgs/cad22e7d996aea55ecab064e84834289143e44a0?narHash=sha256-5vKw92l1GyTnjoLzEagJy5V5mDFck72LiQWZSOnSicw%3D»/lib/strings.nix:1203:16:
         1202|     let
         1203|       string = toString arg;
             |                ^
         1204|     in

       … while calling the 'getAttr' builtin
         at «nix-internal»/derivation-internal.nix:50:17:
           49|     value = commonAttrs // {
           50|       outPath = builtins.getAttr outputName strict;
             |                 ^
           51|       drvPath = strict.drvPath;

       … while calling the 'derivationStrict' builtin
         at «nix-internal»/derivation-internal.nix:37:12:
           36|
           37|   strict = derivationStrict drvAttrs;
             |            ^
           38|

       … while evaluating derivation 'home-manager-fonts'
         whose name attribute is located at «github:nixos/nixpkgs/cad22e7d996aea55ecab064e84834289143e44a0?narHash=sha256-5vKw92l1GyTnjoLzEagJy5V5mDFck72LiQWZSOnSicw%3D»/pkgs/stdenv/generic/make-derivation.nix:541:13

       … while evaluating attribute 'passAsFile' of derivation 'home-manager-fonts'
         at «github:nixos/nixpkgs/cad22e7d996aea55ecab064e84834289143e44a0?narHash=sha256-5vKw92l1GyTnjoLzEagJy5V5mDFck72LiQWZSOnSicw%3D»/pkgs/build-support/trivial-builders/default.nix:81:9:
           80|         inherit buildCommand name;
           81|         passAsFile = [ "buildCommand" ] ++ (derivationArgs.passAsFile or [ ]);
             |         ^
           82|       }

       … while evaluating the attribute 'passAsFile'
         at «github:nixos/nixpkgs/cad22e7d996aea55ecab064e84834289143e44a0?narHash=sha256-5vKw92l1GyTnjoLzEagJy5V5mDFck72LiQWZSOnSicw%3D»/pkgs/build-support/buildenv/default.nix:114:9:
          113|         # XXX: The size is somewhat arbitrary
          114|         passAsFile = if builtins.stringLength pkgs >= 128 * 1024 then [ "pkgs" ] else [ ];
             |         ^
          115|       }

       … while evaluating a branch condition
         at «github:nixos/nixpkgs/cad22e7d996aea55ecab064e84834289143e44a0?narHash=sha256-5vKw92l1GyTnjoLzEagJy5V5mDFck72LiQWZSOnSicw%3D»/pkgs/build-support/buildenv/default.nix:114:22:
          113|         # XXX: The size is somewhat arbitrary
          114|         passAsFile = if builtins.stringLength pkgs >= 128 * 1024 then [ "pkgs" ] else [ ];
             |                      ^
          115|       }

       … in the argument of the not operator
         at «github:nixos/nixpkgs/cad22e7d996aea55ecab064e84834289143e44a0?narHash=sha256-5vKw92l1GyTnjoLzEagJy5V5mDFck72LiQWZSOnSicw%3D»/pkgs/build-support/buildenv/default.nix:114:52:
          113|         # XXX: The size is somewhat arbitrary
          114|         passAsFile = if builtins.stringLength pkgs >= 128 * 1024 then [ "pkgs" ] else [ ];
             |                                                    ^
          115|       }

       … while calling the 'lessThan' builtin
         at «github:nixos/nixpkgs/cad22e7d996aea55ecab064e84834289143e44a0?narHash=sha256-5vKw92l1GyTnjoLzEagJy5V5mDFck72LiQWZSOnSicw%3D»/pkgs/build-support/buildenv/default.nix:114:52:
          113|         # XXX: The size is somewhat arbitrary
          114|         passAsFile = if builtins.stringLength pkgs >= 128 * 1024 then [ "pkgs" ] else [ ];
             |                                                    ^
          115|       }

       … while calling the 'stringLength' builtin
         at «github:nixos/nixpkgs/cad22e7d996aea55ecab064e84834289143e44a0?narHash=sha256-5vKw92l1GyTnjoLzEagJy5V5mDFck72LiQWZSOnSicw%3D»/pkgs/build-support/buildenv/default.nix:114:25:
          113|         # XXX: The size is somewhat arbitrary
          114|         passAsFile = if builtins.stringLength pkgs >= 128 * 1024 then [ "pkgs" ] else [ ];
             |                         ^
          115|       }

       … while calling the 'toJSON' builtin
         at «github:nixos/nixpkgs/cad22e7d996aea55ecab064e84834289143e44a0?narHash=sha256-5vKw92l1GyTnjoLzEagJy5V5mDFck72LiQWZSOnSicw%3D»/pkgs/build-support/buildenv/default.nix:109:16:
          108|         pathsToLinkJSON = builtins.toJSON pathsToLink;
          109|         pkgs = builtins.toJSON chosenOutputs;
             |                ^
          110|         extraPathsFrom = lib.optional includeClosures (writeClosure pathsForClosure);

       … while evaluating list element at index 7

       … while evaluating attribute 'paths'
         at «github:nixos/nixpkgs/cad22e7d996aea55ecab064e84834289143e44a0?narHash=sha256-5vKw92l1GyTnjoLzEagJy5V5mDFck72LiQWZSOnSicw%3D»/pkgs/build-support/buildenv/default.nix:68:7:
           67|     chosenOutputs = map (drv: {
           68|       paths =
             |       ^
           69|         # First add the usual output(s): respect if user has chosen explicitly,

       … while evaluating list element at index 0
         at «github:nixos/nixpkgs/cad22e7d996aea55ecab064e84834289143e44a0?narHash=sha256-5vKw92l1GyTnjoLzEagJy5V5mDFck72LiQWZSOnSicw%3D»/pkgs/build-support/buildenv/default.nix:68:7:
           67|     chosenOutputs = map (drv: {
           68|       paths =
             |       ^
           69|         # First add the usual output(s): respect if user has chosen explicitly,

       … in the condition of the assert statement
         at «github:nixos/nixpkgs/cad22e7d996aea55ecab064e84834289143e44a0?narHash=sha256-5vKw92l1GyTnjoLzEagJy5V5mDFck72LiQWZSOnSicw%3D»/lib/customisation.nix:429:15:
          428|             outPath =
          429|               assert condition;
             |               ^
          430|               drv.${outputName}.outPath;

       … while evaluating the attribute 'handled'
         at «github:nixos/nixpkgs/cad22e7d996aea55ecab064e84834289143e44a0?narHash=sha256-5vKw92l1GyTnjoLzEagJy5V5mDFck72LiQWZSOnSicw%3D»/pkgs/stdenv/generic/check-meta.nix:737:9:
          736|         valid = "no";
          737|         handled = handled;
             |         ^
          738|       };

       … while calling the 'throw' builtin
         at «github:nixos/nixpkgs/cad22e7d996aea55ecab064e84834289143e44a0?narHash=sha256-5vKw92l1GyTnjoLzEagJy5V5mDFck72LiQWZSOnSicw%3D»/pkgs/stdenv/generic/check-meta.nix:732:99:
          731|
          732|         handled = if config ? handleEvalIssue then config.handleEvalIssue invalid.reason msg else throw msg;
             |                                                                                                   ^
          733|       in

       error: Package ‘signal-desktop-7.83.0’ in /nix/store/lv4kcr2y4b9k4ynhkga157507zxf372b-source/pkgs/by-name/si/signal-desktop/package.nix:271 is not available on the requested hostPlatform:
         hostPlatform.system = "x86_64-darwin"
         package.meta.platforms = [
           "x86_64-linux"
           "aarch64-linux"
         ]
         package.meta.badPlatforms = [ ]
       , refusing to evaluate.

       a) To temporarily allow packages that are unsupported for this system, you can use an environment variable
          for a single invocation of the nix tools.

            $ export NIXPKGS_ALLOW_UNSUPPORTED_SYSTEM=1

          Note: When using `nix shell`, `nix build`, `nix develop`, etc with a flake,
                then pass `--impure` in order to allow use of environment variables.

       b) For `nixos-rebuild` you can set
         { nixpkgs.config.allowUnsupportedSystem = true; }
       in configuration.nix to override this.

       c) For `nix-env`, `nix-build`, `nix-shell` or any other Nix command you can add
         { allowUnsupportedSystem = true; }
       to ~/.config/nixpkgs/config.nix.
error: Recipe `hm` failed on line 13 with exit code 1
